# JRE version: OpenJDK Runtime Environment Temurin-17.0.7+7 (17.0.7+7) (build 17.0.7+7)
# Java VM: OpenJDK 64-Bit Server VM Temurin-17.0.7+7 (17.0.7+7, mixed mode, tiered, compressed oops, compressed class ptrs, g1 gc, windows-amd64)
GC Precious Log:
 CPUs: 8 total, 8 available
 Memory: 7914M
 Large Page Support: Disabled
 NUMA Support: Disabled
 Compressed Oops: Enabled (32-bit)
 Heap Region Size: 1M
 Heap Min Capacity: 8M
 Heap Initial Capacity: 124M
 Heap Max Capacity: 1980M
 Pre-touch: Disabled
 Parallel Workers: 8
 Concurrent Workers: 2
 Concurrent Refinement Workers: 8
 Periodic GC: Disabled
Heap:
 garbage-first heap   total 53248K, used 25283K [0x0000000084400000, 0x0000000100000000)
  region size 1024K, 3 young (3072K), 1 survivors (1024K)
 Metaspace       used 60817K, committed 61312K, reserved 1114112K
  class space    used 8009K, committed 8256K, reserved 1048576K
GC Heap History (20 events):
Event: 10.151 GC heap before
{Heap before GC invocations=5 (full 0):
 garbage-first heap   total 40960K, used 29067K [0x0000000084400000, 0x0000000100000000)
  region size 1024K, 18 young (18432K), 1 survivors (1024K)
 Metaspace       used 26844K, committed 27008K, reserved 1114112K
  class space    used 3173K, committed 3264K, reserved 1048576K
}
Event: 10.162 GC heap after
{Heap after GC invocations=6 (full 0):
 garbage-first heap   total 40960K, used 12680K [0x0000000084400000, 0x0000000100000000)
  region size 1024K, 2 young (2048K), 2 survivors (2048K)
 Metaspace       used 26844K, committed 27008K, reserved 1114112K
  class space    used 3173K, committed 3264K, reserved 1048576K
}
Event: 11.644 GC heap before
{Heap before GC invocations=6 (full 0):
 garbage-first heap   total 40960K, used 30088K [0x0000000084400000, 0x0000000100000000)
  region size 1024K, 19 young (19456K), 2 survivors (2048K)
 Metaspace       used 30131K, committed 30464K, reserved 1114112K
  class space    used 3651K, committed 3776K, reserved 1048576K
}
Event: 11.661 GC heap after
{Heap after GC invocations=7 (full 0):
 garbage-first heap   total 40960K, used 14567K [0x0000000084400000, 0x0000000100000000)
  region size 1024K, 3 young (3072K), 3 survivors (3072K)
 Metaspace       used 30131K, committed 30464K, reserved 1114112K
  class space    used 3651K, committed 3776K, reserved 1048576K
}
Event: 12.990 GC heap before
{Heap before GC invocations=7 (full 0):
 garbage-first heap   total 40960K, used 29927K [0x0000000084400000, 0x0000000100000000)
  region size 1024K, 19 young (19456K), 3 survivors (3072K)
 Metaspace       used 34316K, committed 34752K, reserved 1114112K
  class space    used 4187K, committed 4352K, reserved 1048576K
}
Event: 13.011 GC heap after
{Heap after GC invocations=8 (full 0):
 garbage-first heap   total 53248K, used 16880K [0x0000000084400000, 0x0000000100000000)
  region size 1024K, 3 young (3072K), 3 survivors (3072K)
 Metaspace       used 34316K, committed 34752K, reserved 1114112K
  class space    used 4187K, committed 4352K, reserved 1048576K
}
Event: 13.584 GC heap before
{Heap before GC invocations=8 (full 0):
 garbage-first heap   total 53248K, used 27120K [0x0000000084400000, 0x0000000100000000)
  region size 1024K, 14 young (14336K), 3 survivors (3072K)
 Metaspace       used 35879K, committed 36288K, reserved 1114112K
  class space    used 4404K, committed 4608K, reserved 1048576K
}
Event: 13.587 GC heap after
{Heap after GC invocations=9 (full 0):
 garbage-first heap   total 53248K, used 17915K [0x0000000084400000, 0x0000000100000000)
  region size 1024K, 1 young (1024K), 1 survivors (1024K)
 Metaspace       used 35879K, committed 36288K, reserved 1114112K
  class space    used 4404K, committed 4608K, reserved 1048576K
}
Event: 14.512 GC heap before
{Heap before GC invocations=10 (full 0):
 garbage-first heap   total 53248K, used 38395K [0x0000000084400000, 0x0000000100000000)
  region size 1024K, 21 young (21504K), 1 survivors (1024K)
 Metaspace       used 41335K, committed 41792K, reserved 1114112K
  class space    used 5256K, committed 5440K, reserved 1048576K
}
Event: 14.514 GC heap after
{Heap after GC invocations=11 (full 0):
 garbage-first heap   total 53248K, used 18650K [0x0000000084400000, 0x0000000100000000)
  region size 1024K, 2 young (2048K), 2 survivors (2048K)
 Metaspace       used 41335K, committed 41792K, reserved 1114112K
  class space    used 5256K, committed 5440K, reserved 1048576K
}
Event: 15.344 GC heap before
{Heap before GC invocations=11 (full 0):
 garbage-first heap   total 53248K, used 39130K [0x0000000084400000, 0x0000000100000000)
  region size 1024K, 22 young (22528K), 2 survivors (2048K)
 Metaspace       used 47343K, committed 47744K, reserved 1114112K
  class space    used 6021K, committed 6208K, reserved 1048576K
}
Event: 15.347 GC heap after
{Heap after GC invocations=12 (full 0):
 garbage-first heap   total 53248K, used 20799K [0x0000000084400000, 0x0000000100000000)
  region size 1024K, 3 young (3072K), 3 survivors (3072K)
 Metaspace       used 47343K, committed 47744K, reserved 1114112K
  class space    used 6021K, committed 6208K, reserved 1048576K
}
Event: 16.834 GC heap before
{Heap before GC invocations=12 (full 0):
 garbage-first heap   total 53248K, used 40255K [0x0000000084400000, 0x0000000100000000)
  region size 1024K, 22 young (22528K), 3 survivors (3072K)
 Metaspace       used 53597K, committed 54016K, reserved 1114112K
  class space    used 6977K, committed 7168K, reserved 1048576K
}
Event: 16.839 GC heap after
{Heap after GC invocations=13 (full 0):
 garbage-first heap   total 53248K, used 22089K [0x0000000084400000, 0x0000000100000000)
  region size 1024K, 2 young (2048K), 2 survivors (2048K)
 Metaspace       used 53597K, committed 54016K, reserved 1114112K
  class space    used 6977K, committed 7168K, reserved 1048576K
}
Event: 17.639 GC heap before
{Heap before GC invocations=13 (full 0):
 garbage-first heap   total 53248K, used 40521K [0x0000000084400000, 0x0000000100000000)
  region size 1024K, 20 young (20480K), 2 survivors (2048K)
 Metaspace       used 56290K, committed 56768K, reserved 1114112K
  class space    used 7386K, committed 7616K, reserved 1048576K
}
Event: 17.643 GC heap after
{Heap after GC invocations=14 (full 0):
 garbage-first heap   total 53248K, used 22509K [0x0000000084400000, 0x0000000100000000)
  region size 1024K, 2 young (2048K), 2 survivors (2048K)
 Metaspace       used 56290K, committed 56768K, reserved 1114112K
  class space    used 7386K, committed 7616K, reserved 1048576K
}
Event: 18.845 GC heap before
{Heap before GC invocations=14 (full 0):
 garbage-first heap   total 53248K, used 40941K [0x0000000084400000, 0x0000000100000000)
  region size 1024K, 20 young (20480K), 2 survivors (2048K)
 Metaspace       used 60269K, committed 60736K, reserved 1114112K
  class space    used 7942K, committed 8192K, reserved 1048576K
}
Event: 18.850 GC heap after
{Heap after GC invocations=15 (full 0):
 garbage-first heap   total 53248K, used 24115K [0x0000000084400000, 0x0000000100000000)
  region size 1024K, 3 young (3072K), 3 survivors (3072K)
 Metaspace       used 60269K, committed 60736K, reserved 1114112K
  class space    used 7942K, committed 8192K, reserved 1048576K
}
Event: 18.857 GC heap before
{Heap before GC invocations=15 (full 0):
 garbage-first heap   total 53248K, used 24115K [0x0000000084400000, 0x0000000100000000)
  region size 1024K, 4 young (4096K), 3 survivors (3072K)
 Metaspace       used 60333K, committed 60800K, reserved 1114112K
  class space    used 7943K, committed 8192K, reserved 1048576K
}
Event: 18.861 GC heap after
{Heap after GC invocations=16 (full 0):
 garbage-first heap   total 53248K, used 24259K [0x0000000084400000, 0x0000000100000000)
  region size 1024K, 1 young (1024K), 1 survivors (1024K)
 Metaspace       used 60333K, committed 60800K, reserved 1114112K
  class space    used 7943K, committed 8192K, reserved 1048576K
}

