# JRE version: OpenJDK Runtime Environment Temurin-17.0.7+7 (17.0.7+7) (build 17.0.7+7)
# Java VM: OpenJDK 64-Bit Server VM Temurin-17.0.7+7 (17.0.7+7, mixed mode, emulated-client, tiered, compressed oops, compressed class ptrs, g1 gc, windows-amd64)
GC Precious Log:
 CPUs: 8 total, 8 available
 Memory: 7914M
 Large Page Support: Disabled
 NUMA Support: Disabled
 Compressed Oops: Enabled (32-bit)
 Heap Region Size: 1M
 Heap Min Capacity: 8M
 Heap Initial Capacity: 124M
 Heap Max Capacity: 1G
 Pre-touch: Disabled
 Parallel Workers: 8
 Concurrent Workers: 2
 Concurrent Refinement Workers: 8
 Periodic GC: Disabled
Heap:
 garbage-first heap   total 70656K, used 31002K [0x00000000c0000000, 0x0000000100000000)
  region size 1024K, 12 young (12288K), 2 survivors (2048K)
 Metaspace       used 37092K, committed 37440K, reserved 1114112K
  class space    used 4806K, committed 4992K, reserved 1048576K
GC Heap History (14 events):
Event: 2.413 GC heap before
{Heap before GC invocations=0 (full 0):
 garbage-first heap   total 126976K, used 22528K [0x00000000c0000000, 0x0000000100000000)
  region size 1024K, 23 young (23552K), 0 survivors (0K)
 Metaspace       used 9143K, committed 9344K, reserved 1114112K
  class space    used 1074K, committed 1152K, reserved 1048576K
}
Event: 2.423 GC heap after
{Heap after GC invocations=1 (full 0):
 garbage-first heap   total 126976K, used 9176K [0x00000000c0000000, 0x0000000100000000)
  region size 1024K, 3 young (3072K), 3 survivors (3072K)
 Metaspace       used 9143K, committed 9344K, reserved 1114112K
  class space    used 1074K, committed 1152K, reserved 1048576K
}
Event: 3.888 GC heap before
{Heap before GC invocations=1 (full 0):
 garbage-first heap   total 126976K, used 32728K [0x00000000c0000000, 0x0000000100000000)
  region size 1024K, 26 young (26624K), 3 survivors (3072K)
 Metaspace       used 16004K, committed 16192K, reserved 1114112K
  class space    used 1991K, committed 2048K, reserved 1048576K
}
Event: 3.901 GC heap after
{Heap after GC invocations=2 (full 0):
 garbage-first heap   total 126976K, used 12592K [0x00000000c0000000, 0x0000000100000000)
  region size 1024K, 4 young (4096K), 4 survivors (4096K)
 Metaspace       used 16004K, committed 16192K, reserved 1114112K
  class space    used 1991K, committed 2048K, reserved 1048576K
}
Event: 4.413 GC heap before
{Heap before GC invocations=2 (full 0):
 garbage-first heap   total 126976K, used 35120K [0x00000000c0000000, 0x0000000100000000)
  region size 1024K, 28 young (28672K), 4 survivors (4096K)
 Metaspace       used 21344K, committed 21504K, reserved 1114112K
  class space    used 2615K, committed 2688K, reserved 1048576K
}
Event: 4.419 GC heap after
{Heap after GC invocations=3 (full 0):
 garbage-first heap   total 126976K, used 14269K [0x00000000c0000000, 0x0000000100000000)
  region size 1024K, 3 young (3072K), 3 survivors (3072K)
 Metaspace       used 21344K, committed 21504K, reserved 1114112K
  class space    used 2615K, committed 2688K, reserved 1048576K
}
Event: 5.113 GC heap before
{Heap before GC invocations=4 (full 0):
 garbage-first heap   total 58368K, used 42941K [0x00000000c0000000, 0x0000000100000000)
  region size 1024K, 32 young (32768K), 3 survivors (3072K)
 Metaspace       used 27165K, committed 27392K, reserved 1114112K
  class space    used 3387K, committed 3520K, reserved 1048576K
}
Event: 5.121 GC heap after
{Heap after GC invocations=5 (full 0):
 garbage-first heap   total 58368K, used 16348K [0x00000000c0000000, 0x0000000100000000)
  region size 1024K, 5 young (5120K), 5 survivors (5120K)
 Metaspace       used 27165K, committed 27392K, reserved 1114112K
  class space    used 3387K, committed 3520K, reserved 1048576K
}
Event: 6.541 GC heap before
{Heap before GC invocations=5 (full 0):
 garbage-first heap   total 58368K, used 35804K [0x00000000c0000000, 0x0000000100000000)
  region size 1024K, 25 young (25600K), 5 survivors (5120K)
 Metaspace       used 30261K, committed 30592K, reserved 1114112K
  class space    used 3788K, committed 3968K, reserved 1048576K
}
Event: 6.558 GC heap after
{Heap after GC invocations=6 (full 0):
 garbage-first heap   total 58368K, used 17931K [0x00000000c0000000, 0x0000000100000000)
  region size 1024K, 2 young (2048K), 2 survivors (2048K)
 Metaspace       used 30261K, committed 30592K, reserved 1114112K
  class space    used 3788K, committed 3968K, reserved 1048576K
}
Event: 7.514 GC heap before
{Heap before GC invocations=6 (full 0):
 garbage-first heap   total 58368K, used 37387K [0x00000000c0000000, 0x0000000100000000)
  region size 1024K, 22 young (22528K), 2 survivors (2048K)
 Metaspace       used 32938K, committed 33280K, reserved 1114112K
  class space    used 4186K, committed 4352K, reserved 1048576K
}
Event: 7.524 GC heap after
{Heap after GC invocations=7 (full 0):
 garbage-first heap   total 58368K, used 20520K [0x00000000c0000000, 0x0000000100000000)
  region size 1024K, 3 young (3072K), 3 survivors (3072K)
 Metaspace       used 32938K, committed 33280K, reserved 1114112K
  class space    used 4186K, committed 4352K, reserved 1048576K
}
Event: 8.300 GC heap before
{Heap before GC invocations=7 (full 0):
 garbage-first heap   total 58368K, used 31784K [0x00000000c0000000, 0x0000000100000000)
  region size 1024K, 15 young (15360K), 3 survivors (3072K)
 Metaspace       used 35709K, committed 36096K, reserved 1114112K
  class space    used 4589K, committed 4800K, reserved 1048576K
}
Event: 8.305 GC heap after
{Heap after GC invocations=8 (full 0):
 garbage-first heap   total 70656K, used 21786K [0x00000000c0000000, 0x0000000100000000)
  region size 1024K, 2 young (2048K), 2 survivors (2048K)
 Metaspace       used 35709K, committed 36096K, reserved 1114112K
  class space    used 4589K, committed 4800K, reserved 1048576K
}

