# JRE version: OpenJDK Runtime Environment Temurin-17.0.7+7 (17.0.7+7) (build 17.0.7+7)
# Java VM: OpenJDK 64-Bit Server VM Temurin-17.0.7+7 (17.0.7+7, mixed mode, tiered, compressed oops, compressed class ptrs, parallel gc, windows-amd64)
GC Precious Log:
 CPUs: 8 total, 8 available
 Memory: 7914M
 Large Page Support: Disabled
 NUMA Support: Disabled
 Compressed Oops: Enabled (32-bit)
 Alignments: Space 512K, Generation 512K, Heap 2M
 Heap Min Capacity: 100M
 Heap Initial Capacity: 100M
 Heap Max Capacity: 1G
 Pre-touch: Disabled
 Parallel Workers: 8
Heap:
 PSYoungGen      total 17408K, used 6866K [0x00000000eab00000, 0x00000000ebe80000, 0x0000000100000000)
  eden space 15872K, 33% used [0x00000000eab00000,0x00000000eb03c998,0x00000000eba80000)
  from space 1536K, 97% used [0x00000000eba80000,0x00000000ebbf8000,0x00000000ebc00000)
  to   space 2048K, 0% used [0x00000000ebc80000,0x00000000ebc80000,0x00000000ebe80000)
 ParOldGen       total 68608K, used 50771K [0x00000000c0000000, 0x00000000c4300000, 0x00000000eab00000)
  object space 68608K, 74% used [0x00000000c0000000,0x00000000c3194d48,0x00000000c4300000)
 Metaspace       used 54935K, committed 56000K, reserved 1114112K
  class space    used 5908K, committed 6400K, reserved 1048576K
GC Heap History (20 events):
Event: 14.917 GC heap before
{Heap before GC invocations=26 (full 2):
 PSYoungGen      total 20992K, used 20567K [0x00000000eab00000, 0x00000000ec180000, 0x0000000100000000)
  eden space 18944K, 100% used [0x00000000eab00000,0x00000000ebd80000,0x00000000ebd80000)
  from space 2048K, 79% used [0x00000000ebd80000,0x00000000ebf15d38,0x00000000ebf80000)
  to   space 2048K, 0% used [0x00000000ebf80000,0x00000000ebf80000,0x00000000ec180000)
 ParOldGen       total 68608K, used 31339K [0x00000000c0000000, 0x00000000c4300000, 0x00000000eab00000)
  object space 68608K, 45% used [0x00000000c0000000,0x00000000c1e9ae68,0x00000000c4300000)
 Metaspace       used 51968K, committed 52928K, reserved 1114112K
  class space    used 5649K, committed 6080K, reserved 1048576K
}
Event: 14.920 GC heap after
{Heap after GC invocations=26 (full 2):
 PSYoungGen      total 18944K, used 2023K [0x00000000eab00000, 0x00000000ec580000, 0x0000000100000000)
  eden space 16896K, 0% used [0x00000000eab00000,0x00000000eab00000,0x00000000ebb80000)
  from space 2048K, 98% used [0x00000000ebf80000,0x00000000ec179ea0,0x00000000ec180000)
  to   space 4096K, 0% used [0x00000000ebb80000,0x00000000ebb80000,0x00000000ebf80000)
 ParOldGen       total 68608K, used 32887K [0x00000000c0000000, 0x00000000c4300000, 0x00000000eab00000)
  object space 68608K, 47% used [0x00000000c0000000,0x00000000c201de78,0x00000000c4300000)
 Metaspace       used 51968K, committed 52928K, reserved 1114112K
  class space    used 5649K, committed 6080K, reserved 1048576K
}
Event: 15.571 GC heap before
{Heap before GC invocations=27 (full 2):
 PSYoungGen      total 18944K, used 18919K [0x00000000eab00000, 0x00000000ec580000, 0x0000000100000000)
  eden space 16896K, 100% used [0x00000000eab00000,0x00000000ebb80000,0x00000000ebb80000)
  from space 2048K, 98% used [0x00000000ebf80000,0x00000000ec179ea0,0x00000000ec180000)
  to   space 4096K, 0% used [0x00000000ebb80000,0x00000000ebb80000,0x00000000ebf80000)
 ParOldGen       total 68608K, used 32887K [0x00000000c0000000, 0x00000000c4300000, 0x00000000eab00000)
  object space 68608K, 47% used [0x00000000c0000000,0x00000000c201de78,0x00000000c4300000)
 Metaspace       used 52232K, committed 53120K, reserved 1114112K
  class space    used 5657K, committed 6080K, reserved 1048576K
}
Event: 15.582 GC heap after
{Heap after GC invocations=27 (full 2):
 PSYoungGen      total 19456K, used 2450K [0x00000000eab00000, 0x00000000ec180000, 0x0000000100000000)
  eden space 16896K, 0% used [0x00000000eab00000,0x00000000eab00000,0x00000000ebb80000)
  from space 2560K, 95% used [0x00000000ebb80000,0x00000000ebde4a28,0x00000000ebe00000)
  to   space 3072K, 0% used [0x00000000ebe80000,0x00000000ebe80000,0x00000000ec180000)
 ParOldGen       total 68608K, used 34900K [0x00000000c0000000, 0x00000000c4300000, 0x00000000eab00000)
  object space 68608K, 50% used [0x00000000c0000000,0x00000000c22150b8,0x00000000c4300000)
 Metaspace       used 52232K, committed 53120K, reserved 1114112K
  class space    used 5657K, committed 6080K, reserved 1048576K
}
Event: 16.649 GC heap before
{Heap before GC invocations=28 (full 2):
 PSYoungGen      total 19456K, used 19346K [0x00000000eab00000, 0x00000000ec180000, 0x0000000100000000)
  eden space 16896K, 100% used [0x00000000eab00000,0x00000000ebb80000,0x00000000ebb80000)
  from space 2560K, 95% used [0x00000000ebb80000,0x00000000ebde4a28,0x00000000ebe00000)
  to   space 3072K, 0% used [0x00000000ebe80000,0x00000000ebe80000,0x00000000ec180000)
 ParOldGen       total 68608K, used 34900K [0x00000000c0000000, 0x00000000c4300000, 0x00000000eab00000)
  object space 68608K, 50% used [0x00000000c0000000,0x00000000c22150b8,0x00000000c4300000)
 Metaspace       used 52443K, committed 53376K, reserved 1114112K
  class space    used 5657K, committed 6080K, reserved 1048576K
}
Event: 16.652 GC heap after
{Heap after GC invocations=28 (full 2):
 PSYoungGen      total 18432K, used 1376K [0x00000000eab00000, 0x00000000ec000000, 0x0000000100000000)
  eden space 16896K, 0% used [0x00000000eab00000,0x00000000eab00000,0x00000000ebb80000)
  from space 1536K, 89% used [0x00000000ebe80000,0x00000000ebfd8000,0x00000000ec000000)
  to   space 2048K, 0% used [0x00000000ebc00000,0x00000000ebc00000,0x00000000ebe00000)
 ParOldGen       total 68608K, used 37076K [0x00000000c0000000, 0x00000000c4300000, 0x00000000eab00000)
  object space 68608K, 54% used [0x00000000c0000000,0x00000000c2435048,0x00000000c4300000)
 Metaspace       used 52443K, committed 53376K, reserved 1114112K
  class space    used 5657K, committed 6080K, reserved 1048576K
}
Event: 17.127 GC heap before
{Heap before GC invocations=29 (full 2):
 PSYoungGen      total 18432K, used 18272K [0x00000000eab00000, 0x00000000ec000000, 0x0000000100000000)
  eden space 16896K, 100% used [0x00000000eab00000,0x00000000ebb80000,0x00000000ebb80000)
  from space 1536K, 89% used [0x00000000ebe80000,0x00000000ebfd8000,0x00000000ec000000)
  to   space 2048K, 0% used [0x00000000ebc00000,0x00000000ebc00000,0x00000000ebe00000)
 ParOldGen       total 68608K, used 37076K [0x00000000c0000000, 0x00000000c4300000, 0x00000000eab00000)
  object space 68608K, 54% used [0x00000000c0000000,0x00000000c2435048,0x00000000c4300000)
 Metaspace       used 53056K, committed 54016K, reserved 1114112K
  class space    used 5738K, committed 6208K, reserved 1048576K
}
Event: 17.132 GC heap after
{Heap after GC invocations=29 (full 2):
 PSYoungGen      total 18944K, used 2038K [0x00000000eab00000, 0x00000000ec380000, 0x0000000100000000)
  eden space 16896K, 0% used [0x00000000eab00000,0x00000000eab00000,0x00000000ebb80000)
  from space 2048K, 99% used [0x00000000ebc00000,0x00000000ebdfd9e8,0x00000000ebe00000)
  to   space 4096K, 0% used [0x00000000ebf80000,0x00000000ebf80000,0x00000000ec380000)
 ParOldGen       total 68608K, used 38589K [0x00000000c0000000, 0x00000000c4300000, 0x00000000eab00000)
  object space 68608K, 56% used [0x00000000c0000000,0x00000000c25af718,0x00000000c4300000)
 Metaspace       used 53056K, committed 54016K, reserved 1114112K
  class space    used 5738K, committed 6208K, reserved 1048576K
}
Event: 18.837 GC heap before
{Heap before GC invocations=30 (full 2):
 PSYoungGen      total 18944K, used 18934K [0x00000000eab00000, 0x00000000ec380000, 0x0000000100000000)
  eden space 16896K, 100% used [0x00000000eab00000,0x00000000ebb80000,0x00000000ebb80000)
  from space 2048K, 99% used [0x00000000ebc00000,0x00000000ebdfd9e8,0x00000000ebe00000)
  to   space 4096K, 0% used [0x00000000ebf80000,0x00000000ebf80000,0x00000000ec380000)
 ParOldGen       total 68608K, used 38589K [0x00000000c0000000, 0x00000000c4300000, 0x00000000eab00000)
  object space 68608K, 56% used [0x00000000c0000000,0x00000000c25af718,0x00000000c4300000)
 Metaspace       used 53344K, committed 54336K, reserved 1114112K
  class space    used 5761K, committed 6272K, reserved 1048576K
}
Event: 18.840 GC heap after
{Heap after GC invocations=30 (full 2):
 PSYoungGen      total 20480K, used 3353K [0x00000000eab00000, 0x00000000ec300000, 0x0000000100000000)
  eden space 16896K, 0% used [0x00000000eab00000,0x00000000eab00000,0x00000000ebb80000)
  from space 3584K, 93% used [0x00000000ebf80000,0x00000000ec2c67a0,0x00000000ec300000)
  to   space 3584K, 0% used [0x00000000ebc00000,0x00000000ebc00000,0x00000000ebf80000)
 ParOldGen       total 68608K, used 40573K [0x00000000c0000000, 0x00000000c4300000, 0x00000000eab00000)
  object space 68608K, 59% used [0x00000000c0000000,0x00000000c279f400,0x00000000c4300000)
 Metaspace       used 53344K, committed 54336K, reserved 1114112K
  class space    used 5761K, committed 6272K, reserved 1048576K
}
Event: 19.327 GC heap before
{Heap before GC invocations=31 (full 2):
 PSYoungGen      total 20480K, used 20249K [0x00000000eab00000, 0x00000000ec300000, 0x0000000100000000)
  eden space 16896K, 100% used [0x00000000eab00000,0x00000000ebb80000,0x00000000ebb80000)
  from space 3584K, 93% used [0x00000000ebf80000,0x00000000ec2c67a0,0x00000000ec300000)
  to   space 3584K, 0% used [0x00000000ebc00000,0x00000000ebc00000,0x00000000ebf80000)
 ParOldGen       total 68608K, used 40573K [0x00000000c0000000, 0x00000000c4300000, 0x00000000eab00000)
  object space 68608K, 59% used [0x00000000c0000000,0x00000000c279f400,0x00000000c4300000)
 Metaspace       used 53623K, committed 54656K, reserved 1114112K
  class space    used 5801K, committed 6272K, reserved 1048576K
}
Event: 19.335 GC heap after
{Heap after GC invocations=31 (full 2):
 PSYoungGen      total 19968K, used 3049K [0x00000000eab00000, 0x00000000ec280000, 0x0000000100000000)
  eden space 16896K, 0% used [0x00000000eab00000,0x00000000eab00000,0x00000000ebb80000)
  from space 3072K, 99% used [0x00000000ebc00000,0x00000000ebefa408,0x00000000ebf00000)
  to   space 3584K, 0% used [0x00000000ebf00000,0x00000000ebf00000,0x00000000ec280000)
 ParOldGen       total 68608K, used 43670K [0x00000000c0000000, 0x00000000c4300000, 0x00000000eab00000)
  object space 68608K, 63% used [0x00000000c0000000,0x00000000c2aa58d0,0x00000000c4300000)
 Metaspace       used 53623K, committed 54656K, reserved 1114112K
  class space    used 5801K, committed 6272K, reserved 1048576K
}
Event: 19.570 GC heap before
{Heap before GC invocations=32 (full 2):
 PSYoungGen      total 19968K, used 19945K [0x00000000eab00000, 0x00000000ec280000, 0x0000000100000000)
  eden space 16896K, 100% used [0x00000000eab00000,0x00000000ebb80000,0x00000000ebb80000)
  from space 3072K, 99% used [0x00000000ebc00000,0x00000000ebefa408,0x00000000ebf00000)
  to   space 3584K, 0% used [0x00000000ebf00000,0x00000000ebf00000,0x00000000ec280000)
 ParOldGen       total 68608K, used 43670K [0x00000000c0000000, 0x00000000c4300000, 0x00000000eab00000)
  object space 68608K, 63% used [0x00000000c0000000,0x00000000c2aa58d0,0x00000000c4300000)
 Metaspace       used 53947K, committed 54976K, reserved 1114112K
  class space    used 5837K, committed 6336K, reserved 1048576K
}
Event: 19.573 GC heap after
{Heap after GC invocations=32 (full 2):
 PSYoungGen      total 18944K, used 1989K [0x00000000eab00000, 0x00000000ec100000, 0x0000000100000000)
  eden space 16896K, 0% used [0x00000000eab00000,0x00000000eab00000,0x00000000ebb80000)
  from space 2048K, 97% used [0x00000000ebf00000,0x00000000ec0f1730,0x00000000ec100000)
  to   space 2560K, 0% used [0x00000000ebc00000,0x00000000ebc00000,0x00000000ebe80000)
 ParOldGen       total 68608K, used 46392K [0x00000000c0000000, 0x00000000c4300000, 0x00000000eab00000)
  object space 68608K, 67% used [0x00000000c0000000,0x00000000c2d4e368,0x00000000c4300000)
 Metaspace       used 53947K, committed 54976K, reserved 1114112K
  class space    used 5837K, committed 6336K, reserved 1048576K
}
Event: 20.048 GC heap before
{Heap before GC invocations=33 (full 2):
 PSYoungGen      total 18944K, used 18885K [0x00000000eab00000, 0x00000000ec100000, 0x0000000100000000)
  eden space 16896K, 100% used [0x00000000eab00000,0x00000000ebb80000,0x00000000ebb80000)
  from space 2048K, 97% used [0x00000000ebf00000,0x00000000ec0f1730,0x00000000ec100000)
  to   space 2560K, 0% used [0x00000000ebc00000,0x00000000ebc00000,0x00000000ebe80000)
 ParOldGen       total 68608K, used 46392K [0x00000000c0000000, 0x00000000c4300000, 0x00000000eab00000)
  object space 68608K, 67% used [0x00000000c0000000,0x00000000c2d4e368,0x00000000c4300000)
 Metaspace       used 54588K, committed 55616K, reserved 1114112K
  class space    used 5903K, committed 6400K, reserved 1048576K
}
Event: 20.051 GC heap after
{Heap after GC invocations=33 (full 2):
 PSYoungGen      total 18944K, used 1920K [0x00000000eab00000, 0x00000000ebf80000, 0x0000000100000000)
  eden space 16896K, 0% used [0x00000000eab00000,0x00000000eab00000,0x00000000ebb80000)
  from space 2048K, 93% used [0x00000000ebc00000,0x00000000ebde0000,0x00000000ebe00000)
  to   space 1536K, 0% used [0x00000000ebe00000,0x00000000ebe00000,0x00000000ebf80000)
 ParOldGen       total 68608K, used 48178K [0x00000000c0000000, 0x00000000c4300000, 0x00000000eab00000)
  object space 68608K, 70% used [0x00000000c0000000,0x00000000c2f0c848,0x00000000c4300000)
 Metaspace       used 54588K, committed 55616K, reserved 1114112K
  class space    used 5903K, committed 6400K, reserved 1048576K
}
Event: 20.383 GC heap before
{Heap before GC invocations=34 (full 2):
 PSYoungGen      total 18944K, used 18815K [0x00000000eab00000, 0x00000000ebf80000, 0x0000000100000000)
  eden space 16896K, 99% used [0x00000000eab00000,0x00000000ebb7ffe8,0x00000000ebb80000)
  from space 2048K, 93% used [0x00000000ebc00000,0x00000000ebde0000,0x00000000ebe00000)
  to   space 1536K, 0% used [0x00000000ebe00000,0x00000000ebe00000,0x00000000ebf80000)
 ParOldGen       total 68608K, used 48178K [0x00000000c0000000, 0x00000000c4300000, 0x00000000eab00000)
  object space 68608K, 70% used [0x00000000c0000000,0x00000000c2f0c848,0x00000000c4300000)
 Metaspace       used 54760K, committed 55808K, reserved 1114112K
  class space    used 5905K, committed 6400K, reserved 1048576K
}
Event: 20.385 GC heap after
{Heap after GC invocations=34 (full 2):
 PSYoungGen      total 17408K, used 1520K [0x00000000eab00000, 0x00000000ec280000, 0x0000000100000000)
  eden space 15872K, 0% used [0x00000000eab00000,0x00000000eab00000,0x00000000eba80000)
  from space 1536K, 98% used [0x00000000ebe00000,0x00000000ebf7c010,0x00000000ebf80000)
  to   space 3584K, 0% used [0x00000000eba80000,0x00000000eba80000,0x00000000ebe00000)
 ParOldGen       total 68608K, used 49587K [0x00000000c0000000, 0x00000000c4300000, 0x00000000eab00000)
  object space 68608K, 72% used [0x00000000c0000000,0x00000000c306cd48,0x00000000c4300000)
 Metaspace       used 54760K, committed 55808K, reserved 1114112K
  class space    used 5905K, committed 6400K, reserved 1048576K
}
Event: 20.563 GC heap before
{Heap before GC invocations=35 (full 2):
 PSYoungGen      total 17408K, used 17392K [0x00000000eab00000, 0x00000000ec280000, 0x0000000100000000)
  eden space 15872K, 100% used [0x00000000eab00000,0x00000000eba80000,0x00000000eba80000)
  from space 1536K, 98% used [0x00000000ebe00000,0x00000000ebf7c010,0x00000000ebf80000)
  to   space 3584K, 0% used [0x00000000eba80000,0x00000000eba80000,0x00000000ebe00000)
 ParOldGen       total 68608K, used 49587K [0x00000000c0000000, 0x00000000c4300000, 0x00000000eab00000)
  object space 68608K, 72% used [0x00000000c0000000,0x00000000c306cd48,0x00000000c4300000)
 Metaspace       used 54868K, committed 55872K, reserved 1114112K
  class space    used 5908K, committed 6400K, reserved 1048576K
}
Event: 20.566 GC heap after
{Heap after GC invocations=35 (full 2):
 PSYoungGen      total 17408K, used 1504K [0x00000000eab00000, 0x00000000ebe80000, 0x0000000100000000)
  eden space 15872K, 0% used [0x00000000eab00000,0x00000000eab00000,0x00000000eba80000)
  from space 1536K, 97% used [0x00000000eba80000,0x00000000ebbf8000,0x00000000ebc00000)
  to   space 2048K, 0% used [0x00000000ebc80000,0x00000000ebc80000,0x00000000ebe80000)
 ParOldGen       total 68608K, used 50771K [0x00000000c0000000, 0x00000000c4300000, 0x00000000eab00000)
  object space 68608K, 74% used [0x00000000c0000000,0x00000000c3194d48,0x00000000c4300000)
 Metaspace       used 54868K, committed 55872K, reserved 1114112K
  class space    used 5908K, committed 6400K, reserved 1048576K
}

