# JRE version: OpenJDK Runtime Environment Temurin-17.0.7+7 (17.0.7+7) (build 17.0.7+7)
# Java VM: OpenJDK 64-Bit Server VM Temurin-17.0.7+7 (17.0.7+7, mixed mode, emulated-client, tiered, compressed oops, compressed class ptrs, g1 gc, windows-amd64)
GC Precious Log:
 CPUs: 8 total, 8 available
 Memory: 7914M
 Large Page Support: Disabled
 NUMA Support: Disabled
 Compressed Oops: Enabled (32-bit)
 Heap Region Size: 1M
 Heap Min Capacity: 8M
 Heap Initial Capacity: 124M
 Heap Max Capacity: 1G
 Pre-touch: Disabled
 Parallel Workers: 8
 Concurrent Workers: 2
 Concurrent Refinement Workers: 8
 Periodic GC: Disabled
Heap:
 garbage-first heap   total 126976K, used 83697K [0x00000000c0000000, 0x0000000100000000)
  region size 1024K, 3 young (3072K), 3 survivors (3072K)
 Metaspace       used 44856K, committed 45312K, reserved 1114112K
  class space    used 5795K, committed 6016K, reserved 1048576K
GC Heap History (20 events):
Event: 13.570 GC heap after
{Heap after GC invocations=11 (full 0):
 garbage-first heap   total 65536K, used 32155K [0x00000000c0000000, 0x0000000100000000)
  region size 1024K, 3 young (3072K), 3 survivors (3072K)
 Metaspace       used 39155K, committed 39552K, reserved 1114112K
  class space    used 5126K, committed 5312K, reserved 1048576K
}
Event: 13.707 GC heap before
{Heap before GC invocations=11 (full 0):
 garbage-first heap   total 65536K, used 46491K [0x00000000c0000000, 0x0000000100000000)
  region size 1024K, 18 young (18432K), 3 survivors (3072K)
 Metaspace       used 39652K, committed 40064K, reserved 1114112K
  class space    used 5193K, committed 5376K, reserved 1048576K
}
Event: 13.712 GC heap after
{Heap after GC invocations=12 (full 0):
 garbage-first heap   total 65536K, used 35616K [0x00000000c0000000, 0x0000000100000000)
  region size 1024K, 3 young (3072K), 3 survivors (3072K)
 Metaspace       used 39652K, committed 40064K, reserved 1114112K
  class space    used 5193K, committed 5376K, reserved 1048576K
}
Event: 13.863 GC heap before
{Heap before GC invocations=13 (full 0):
 garbage-first heap   total 68608K, used 48928K [0x00000000c0000000, 0x0000000100000000)
  region size 1024K, 16 young (16384K), 3 survivors (3072K)
 Metaspace       used 40135K, committed 40640K, reserved 1114112K
  class space    used 5250K, committed 5504K, reserved 1048576K
}
Event: 13.870 GC heap after
{Heap after GC invocations=14 (full 0):
 garbage-first heap   total 68608K, used 37666K [0x00000000c0000000, 0x0000000100000000)
  region size 1024K, 2 young (2048K), 2 survivors (2048K)
 Metaspace       used 40135K, committed 40640K, reserved 1114112K
  class space    used 5250K, committed 5504K, reserved 1048576K
}
Event: 13.924 GC heap before
{Heap before GC invocations=14 (full 0):
 garbage-first heap   total 68608K, used 52002K [0x00000000c0000000, 0x0000000100000000)
  region size 1024K, 16 young (16384K), 2 survivors (2048K)
 Metaspace       used 40345K, committed 40832K, reserved 1114112K
  class space    used 5274K, committed 5504K, reserved 1048576K
}
Event: 13.931 GC heap after
{Heap after GC invocations=15 (full 0):
 garbage-first heap   total 124928K, used 40328K [0x00000000c0000000, 0x0000000100000000)
  region size 1024K, 2 young (2048K), 2 survivors (2048K)
 Metaspace       used 40345K, committed 40832K, reserved 1114112K
  class space    used 5274K, committed 5504K, reserved 1048576K
}
Event: 14.139 GC heap before
{Heap before GC invocations=16 (full 0):
 garbage-first heap   total 124928K, used 89480K [0x00000000c0000000, 0x0000000100000000)
  region size 1024K, 50 young (51200K), 2 survivors (2048K)
 Metaspace       used 41040K, committed 41472K, reserved 1114112K
  class space    used 5368K, committed 5568K, reserved 1048576K
}
Event: 14.157 GC heap after
{Heap after GC invocations=17 (full 0):
 garbage-first heap   total 124928K, used 52301K [0x00000000c0000000, 0x0000000100000000)
  region size 1024K, 7 young (7168K), 7 survivors (7168K)
 Metaspace       used 41040K, committed 41472K, reserved 1114112K
  class space    used 5368K, committed 5568K, reserved 1048576K
}
Event: 14.173 GC heap before
{Heap before GC invocations=17 (full 0):
 garbage-first heap   total 124928K, used 53325K [0x00000000c0000000, 0x0000000100000000)
  region size 1024K, 8 young (8192K), 7 survivors (7168K)
 Metaspace       used 41076K, committed 41472K, reserved 1114112K
  class space    used 5374K, committed 5568K, reserved 1048576K
}
Event: 14.182 GC heap after
{Heap after GC invocations=18 (full 0):
 garbage-first heap   total 124928K, used 53588K [0x00000000c0000000, 0x0000000100000000)
  region size 1024K, 1 young (1024K), 1 survivors (1024K)
 Metaspace       used 41076K, committed 41472K, reserved 1114112K
  class space    used 5374K, committed 5568K, reserved 1048576K
}
Event: 15.238 GC heap before
{Heap before GC invocations=18 (full 0):
 garbage-first heap   total 124928K, used 88404K [0x00000000c0000000, 0x0000000100000000)
  region size 1024K, 36 young (36864K), 1 survivors (1024K)
 Metaspace       used 42614K, committed 43008K, reserved 1114112K
  class space    used 5497K, committed 5696K, reserved 1048576K
}
Event: 15.247 GC heap after
{Heap after GC invocations=19 (full 0):
 garbage-first heap   total 124928K, used 60608K [0x00000000c0000000, 0x0000000100000000)
  region size 1024K, 5 young (5120K), 5 survivors (5120K)
 Metaspace       used 42614K, committed 43008K, reserved 1114112K
  class space    used 5497K, committed 5696K, reserved 1048576K
}
Event: 15.626 GC heap before
{Heap before GC invocations=19 (full 0):
 garbage-first heap   total 124928K, used 64704K [0x00000000c0000000, 0x0000000100000000)
  region size 1024K, 11 young (11264K), 5 survivors (5120K)
 Metaspace       used 42962K, committed 43392K, reserved 1114112K
  class space    used 5547K, committed 5760K, reserved 1048576K
}
Event: 15.638 GC heap after
{Heap after GC invocations=20 (full 0):
 garbage-first heap   total 124928K, used 62637K [0x00000000c0000000, 0x0000000100000000)
  region size 1024K, 2 young (2048K), 2 survivors (2048K)
 Metaspace       used 42962K, committed 43392K, reserved 1114112K
  class space    used 5547K, committed 5760K, reserved 1048576K
}
Event: 15.926 GC heap before
{Heap before GC invocations=21 (full 0):
 garbage-first heap   total 124928K, used 91309K [0x00000000c0000000, 0x0000000100000000)
  region size 1024K, 29 young (29696K), 2 survivors (2048K)
 Metaspace       used 44291K, committed 44800K, reserved 1114112K
  class space    used 5708K, committed 5952K, reserved 1048576K
}
Event: 15.937 GC heap after
{Heap after GC invocations=22 (full 0):
 garbage-first heap   total 124928K, used 74521K [0x00000000c0000000, 0x0000000100000000)
  region size 1024K, 4 young (4096K), 4 survivors (4096K)
 Metaspace       used 44291K, committed 44800K, reserved 1114112K
  class space    used 5708K, committed 5952K, reserved 1048576K
}
Event: 15.947 GC heap before
{Heap before GC invocations=22 (full 0):
 garbage-first heap   total 124928K, used 76569K [0x00000000c0000000, 0x0000000100000000)
  region size 1024K, 6 young (6144K), 4 survivors (4096K)
 Metaspace       used 44348K, committed 44800K, reserved 1114112K
  class space    used 5715K, committed 5952K, reserved 1048576K
}
Event: 15.953 GC heap after
{Heap after GC invocations=23 (full 0):
 garbage-first heap   total 124928K, used 76151K [0x00000000c0000000, 0x0000000100000000)
  region size 1024K, 1 young (1024K), 1 survivors (1024K)
 Metaspace       used 44348K, committed 44800K, reserved 1114112K
  class space    used 5715K, committed 5952K, reserved 1048576K
}
Event: 16.076 GC heap before
{Heap before GC invocations=23 (full 0):
 garbage-first heap   total 124928K, used 88439K [0x00000000c0000000, 0x0000000100000000)
  region size 1024K, 14 young (14336K), 1 survivors (1024K)
 Metaspace       used 44856K, committed 45312K, reserved 1114112K
  class space    used 5795K, committed 6016K, reserved 1048576K
}

