# JRE version: OpenJDK Runtime Environment Temurin-17.0.7+7 (17.0.7+7) (build 17.0.7+7)
# Java VM: OpenJDK 64-Bit Server VM Temurin-17.0.7+7 (17.0.7+7, mixed mode, emulated-client, tiered, compressed oops, compressed class ptrs, g1 gc, windows-amd64)
GC Precious Log:
 CPUs: 8 total, 8 available
 Memory: 7914M
 Large Page Support: Disabled
 NUMA Support: Disabled
 Compressed Oops: Enabled (32-bit)
 Heap Region Size: 1M
 Heap Min Capacity: 8M
 Heap Initial Capacity: 124M
 Heap Max Capacity: 1G
 Pre-touch: Disabled
 Parallel Workers: 8
 Concurrent Workers: 2
 Concurrent Refinement Workers: 8
 Periodic GC: Disabled
Heap:
 garbage-first heap   total 382976K, used 160845K [0x00000000c0000000, 0x0000000100000000)
  region size 1024K, 10 young (10240K), 10 survivors (10240K)
 Metaspace       used 75076K, committed 75904K, reserved 1179648K
  class space    used 10290K, committed 10624K, reserved 1048576K
GC Heap History (20 events):
Event: 265.517 GC heap after
{Heap after GC invocations=128 (full 18):
 garbage-first heap   total 337920K, used 97576K [0x00000000c0000000, 0x0000000100000000)
  region size 1024K, 0 young (0K), 0 survivors (0K)
 Metaspace       used 74994K, committed 75904K, reserved 1179648K
  class space    used 10274K, committed 10624K, reserved 1048576K
}
Event: 275.615 GC heap before
{Heap before GC invocations=128 (full 18):
 garbage-first heap   total 337920K, used 97576K [0x00000000c0000000, 0x0000000100000000)
  region size 1024K, 1 young (1024K), 0 survivors (0K)
 Metaspace       used 74994K, committed 75904K, reserved 1179648K
  class space    used 10274K, committed 10624K, reserved 1048576K
}
Event: 275.681 GC heap after
{Heap after GC invocations=129 (full 19):
 garbage-first heap   total 334848K, used 96470K [0x00000000c0000000, 0x0000000100000000)
  region size 1024K, 0 young (0K), 0 survivors (0K)
 Metaspace       used 74986K, committed 75904K, reserved 1179648K
  class space    used 10272K, committed 10624K, reserved 1048576K
}
Event: 289.324 GC heap before
{Heap before GC invocations=129 (full 19):
 garbage-first heap   total 334848K, used 259286K [0x00000000c0000000, 0x0000000100000000)
  region size 1024K, 160 young (163840K), 0 survivors (0K)
 Metaspace       used 74996K, committed 75904K, reserved 1179648K
  class space    used 10274K, committed 10624K, reserved 1048576K
}
Event: 289.331 GC heap after
{Heap after GC invocations=130 (full 19):
 garbage-first heap   total 334848K, used 104662K [0x00000000c0000000, 0x0000000100000000)
  region size 1024K, 8 young (8192K), 8 survivors (8192K)
 Metaspace       used 74996K, committed 75904K, reserved 1179648K
  class space    used 10274K, committed 10624K, reserved 1048576K
}
Event: 302.823 GC heap before
{Heap before GC invocations=131 (full 19):
 garbage-first heap   total 334848K, used 260632K [0x00000000c0000000, 0x0000000100000000)
  region size 1024K, 164 young (167936K), 8 survivors (8192K)
 Metaspace       used 75071K, committed 75904K, reserved 1179648K
  class space    used 10289K, committed 10624K, reserved 1048576K
}
Event: 302.843 GC heap after
{Heap after GC invocations=132 (full 19):
 garbage-first heap   total 334848K, used 109499K [0x00000000c0000000, 0x0000000100000000)
  region size 1024K, 16 young (16384K), 16 survivors (16384K)
 Metaspace       used 75071K, committed 75904K, reserved 1179648K
  class space    used 10289K, committed 10624K, reserved 1048576K
}
Event: 302.891 GC heap before
{Heap before GC invocations=132 (full 19):
 garbage-first heap   total 334848K, used 110523K [0x00000000c0000000, 0x0000000100000000)
  region size 1024K, 17 young (17408K), 16 survivors (16384K)
 Metaspace       used 75071K, committed 75904K, reserved 1179648K
  class space    used 10289K, committed 10624K, reserved 1048576K
}
Event: 302.913 GC heap after
{Heap after GC invocations=133 (full 19):
 garbage-first heap   total 334848K, used 108138K [0x00000000c0000000, 0x0000000100000000)
  region size 1024K, 2 young (2048K), 2 survivors (2048K)
 Metaspace       used 75071K, committed 75904K, reserved 1179648K
  class space    used 10289K, committed 10624K, reserved 1048576K
}
Event: 304.264 GC heap before
{Heap before GC invocations=133 (full 19):
 garbage-first heap   total 334848K, used 264810K [0x00000000c0000000, 0x0000000100000000)
  region size 1024K, 155 young (158720K), 2 survivors (2048K)
 Metaspace       used 75074K, committed 75904K, reserved 1179648K
  class space    used 10289K, committed 10624K, reserved 1048576K
}
Event: 304.282 GC heap after
{Heap after GC invocations=134 (full 19):
 garbage-first heap   total 334848K, used 129531K [0x00000000c0000000, 0x0000000100000000)
  region size 1024K, 20 young (20480K), 20 survivors (20480K)
 Metaspace       used 75074K, committed 75904K, reserved 1179648K
  class space    used 10289K, committed 10624K, reserved 1048576K
}
Event: 304.349 GC heap before
{Heap before GC invocations=134 (full 19):
 garbage-first heap   total 334848K, used 257531K [0x00000000c0000000, 0x0000000100000000)
  region size 1024K, 146 young (149504K), 20 survivors (20480K)
 Metaspace       used 75074K, committed 75904K, reserved 1179648K
  class space    used 10289K, committed 10624K, reserved 1048576K
}
Event: 304.369 GC heap after
{Heap after GC invocations=135 (full 19):
 garbage-first heap   total 334848K, used 139220K [0x00000000c0000000, 0x0000000100000000)
  region size 1024K, 10 young (10240K), 10 survivors (10240K)
 Metaspace       used 75074K, committed 75904K, reserved 1179648K
  class space    used 10289K, committed 10624K, reserved 1048576K
}
Event: 304.468 GC heap before
{Heap before GC invocations=136 (full 19):
 garbage-first heap   total 382976K, used 258004K [0x00000000c0000000, 0x0000000100000000)
  region size 1024K, 130 young (133120K), 10 survivors (10240K)
 Metaspace       used 75076K, committed 75904K, reserved 1179648K
  class space    used 10290K, committed 10624K, reserved 1048576K
}
Event: 304.478 GC heap after
{Heap after GC invocations=137 (full 19):
 garbage-first heap   total 382976K, used 136790K [0x00000000c0000000, 0x0000000100000000)
  region size 1024K, 10 young (10240K), 10 survivors (10240K)
 Metaspace       used 75076K, committed 75904K, reserved 1179648K
  class space    used 10290K, committed 10624K, reserved 1048576K
}
Event: 304.485 GC heap before
{Heap before GC invocations=137 (full 19):
 garbage-first heap   total 382976K, used 146006K [0x00000000c0000000, 0x0000000100000000)
  region size 1024K, 18 young (18432K), 10 survivors (10240K)
 Metaspace       used 75076K, committed 75904K, reserved 1179648K
  class space    used 10290K, committed 10624K, reserved 1048576K
}
Event: 304.494 GC heap after
{Heap after GC invocations=138 (full 19):
 garbage-first heap   total 382976K, used 130194K [0x00000000c0000000, 0x0000000100000000)
  region size 1024K, 3 young (3072K), 3 survivors (3072K)
 Metaspace       used 75076K, committed 75904K, reserved 1179648K
  class space    used 10290K, committed 10624K, reserved 1048576K
}
Event: 304.616 GC heap before
{Heap before GC invocations=138 (full 19):
 garbage-first heap   total 382976K, used 301202K [0x00000000c0000000, 0x0000000100000000)
  region size 1024K, 171 young (175104K), 3 survivors (3072K)
 Metaspace       used 75076K, committed 75904K, reserved 1179648K
  class space    used 10290K, committed 10624K, reserved 1048576K
}
Event: 304.631 GC heap after
{Heap after GC invocations=139 (full 19):
 garbage-first heap   total 382976K, used 151414K [0x00000000c0000000, 0x0000000100000000)
  region size 1024K, 22 young (22528K), 22 survivors (22528K)
 Metaspace       used 75076K, committed 75904K, reserved 1179648K
  class space    used 10290K, committed 10624K, reserved 1048576K
}
Event: 304.682 GC heap before
{Heap before GC invocations=139 (full 19):
 garbage-first heap   total 382976K, used 296822K [0x00000000c0000000, 0x0000000100000000)
  region size 1024K, 165 young (168960K), 22 survivors (22528K)
 Metaspace       used 75076K, committed 75904K, reserved 1179648K
  class space    used 10290K, committed 10624K, reserved 1048576K
}

