# JRE version: OpenJDK Runtime Environment Temurin-17.0.7+7 (17.0.7+7) (build 17.0.7+7)
# Java VM: OpenJDK 64-Bit Server VM Temurin-17.0.7+7 (17.0.7+7, mixed mode, emulated-client, tiered, compressed oops, compressed class ptrs, g1 gc, windows-amd64)
GC Precious Log:
 CPUs: 8 total, 8 available
 Memory: 7914M
 Large Page Support: Disabled
 NUMA Support: Disabled
 Compressed Oops: Enabled (32-bit)
 Heap Region Size: 1M
 Heap Min Capacity: 8M
 Heap Initial Capacity: 124M
 Heap Max Capacity: 1G
 Pre-touch: Disabled
 Parallel Workers: 8
 Concurrent Workers: 2
 Concurrent Refinement Workers: 8
 Periodic GC: Disabled
Heap:
 garbage-first heap   total 126976K, used 56279K [0x00000000c0000000, 0x0000000100000000)
  region size 1024K, 5 young (5120K), 5 survivors (5120K)
 Metaspace       used 42092K, committed 42560K, reserved 1114112K
  class space    used 5486K, committed 5696K, reserved 1048576K
GC Heap History (20 events):
Event: 2.649 GC heap after
{Heap after GC invocations=3 (full 0):
 garbage-first heap   total 126976K, used 13570K [0x00000000c0000000, 0x0000000100000000)
  region size 1024K, 3 young (3072K), 3 survivors (3072K)
 Metaspace       used 21368K, committed 21504K, reserved 1114112K
  class space    used 2621K, committed 2688K, reserved 1048576K
}
Event: 3.852 GC heap before
{Heap before GC invocations=4 (full 0):
 garbage-first heap   total 58368K, used 41218K [0x00000000c0000000, 0x0000000100000000)
  region size 1024K, 32 young (32768K), 3 survivors (3072K)
 Metaspace       used 27168K, committed 27392K, reserved 1114112K
  class space    used 3391K, committed 3520K, reserved 1048576K
}
Event: 3.861 GC heap after
{Heap after GC invocations=5 (full 0):
 garbage-first heap   total 58368K, used 15771K [0x00000000c0000000, 0x0000000100000000)
  region size 1024K, 5 young (5120K), 5 survivors (5120K)
 Metaspace       used 27168K, committed 27392K, reserved 1114112K
  class space    used 3391K, committed 3520K, reserved 1048576K
}
Event: 3.896 GC heap before
{Heap before GC invocations=5 (full 0):
 garbage-first heap   total 58368K, used 15771K [0x00000000c0000000, 0x0000000100000000)
  region size 1024K, 6 young (6144K), 5 survivors (5120K)
 Metaspace       used 27201K, committed 27456K, reserved 1114112K
  class space    used 3394K, committed 3520K, reserved 1048576K
}
Event: 3.907 GC heap after
{Heap after GC invocations=6 (full 0):
 garbage-first heap   total 58368K, used 16369K [0x00000000c0000000, 0x0000000100000000)
  region size 1024K, 1 young (1024K), 1 survivors (1024K)
 Metaspace       used 27201K, committed 27456K, reserved 1114112K
  class space    used 3394K, committed 3520K, reserved 1048576K
}
Event: 4.909 GC heap before
{Heap before GC invocations=6 (full 0):
 garbage-first heap   total 58368K, used 35825K [0x00000000c0000000, 0x0000000100000000)
  region size 1024K, 21 young (21504K), 1 survivors (1024K)
 Metaspace       used 30348K, committed 30656K, reserved 1114112K
  class space    used 3812K, committed 3968K, reserved 1048576K
}
Event: 4.918 GC heap after
{Heap after GC invocations=7 (full 0):
 garbage-first heap   total 58368K, used 17685K [0x00000000c0000000, 0x0000000100000000)
  region size 1024K, 2 young (2048K), 2 survivors (2048K)
 Metaspace       used 30348K, committed 30656K, reserved 1114112K
  class space    used 3812K, committed 3968K, reserved 1048576K
}
Event: 5.804 GC heap before
{Heap before GC invocations=7 (full 0):
 garbage-first heap   total 58368K, used 39189K [0x00000000c0000000, 0x0000000100000000)
  region size 1024K, 23 young (23552K), 2 survivors (2048K)
 Metaspace       used 33254K, committed 33600K, reserved 1114112K
  class space    used 4220K, committed 4352K, reserved 1048576K
}
Event: 5.810 GC heap after
{Heap after GC invocations=8 (full 0):
 garbage-first heap   total 58368K, used 20144K [0x00000000c0000000, 0x0000000100000000)
  region size 1024K, 3 young (3072K), 3 survivors (3072K)
 Metaspace       used 33254K, committed 33600K, reserved 1114112K
  class space    used 4220K, committed 4352K, reserved 1048576K
}
Event: 6.176 GC heap before
{Heap before GC invocations=8 (full 0):
 garbage-first heap   total 58368K, used 31408K [0x00000000c0000000, 0x0000000100000000)
  region size 1024K, 16 young (16384K), 3 survivors (3072K)
 Metaspace       used 35921K, committed 36288K, reserved 1114112K
  class space    used 4625K, committed 4800K, reserved 1048576K
}
Event: 6.179 GC heap after
{Heap after GC invocations=9 (full 0):
 garbage-first heap   total 58368K, used 21379K [0x00000000c0000000, 0x0000000100000000)
  region size 1024K, 2 young (2048K), 2 survivors (2048K)
 Metaspace       used 35921K, committed 36288K, reserved 1114112K
  class space    used 4625K, committed 4800K, reserved 1048576K
}
Event: 6.451 GC heap before
{Heap before GC invocations=10 (full 0):
 garbage-first heap   total 58368K, used 41859K [0x00000000c0000000, 0x0000000100000000)
  region size 1024K, 22 young (22528K), 2 survivors (2048K)
 Metaspace       used 39017K, committed 39360K, reserved 1114112K
  class space    used 5109K, committed 5248K, reserved 1048576K
}
Event: 6.456 GC heap after
{Heap after GC invocations=11 (full 0):
 garbage-first heap   total 107520K, used 23902K [0x00000000c0000000, 0x0000000100000000)
  region size 1024K, 3 young (3072K), 3 survivors (3072K)
 Metaspace       used 39017K, committed 39360K, reserved 1114112K
  class space    used 5109K, committed 5248K, reserved 1048576K
}
Event: 6.547 GC heap before
{Heap before GC invocations=11 (full 0):
 garbage-first heap   total 107520K, used 75102K [0x00000000c0000000, 0x0000000100000000)
  region size 1024K, 54 young (55296K), 3 survivors (3072K)
 Metaspace       used 39308K, committed 39680K, reserved 1114112K
  class space    used 5166K, committed 5312K, reserved 1048576K
}
Event: 6.557 GC heap after
{Heap after GC invocations=12 (full 0):
 garbage-first heap   total 107520K, used 34155K [0x00000000c0000000, 0x0000000100000000)
  region size 1024K, 7 young (7168K), 7 survivors (7168K)
 Metaspace       used 39308K, committed 39680K, reserved 1114112K
  class space    used 5166K, committed 5312K, reserved 1048576K
}
Event: 6.635 GC heap before
{Heap before GC invocations=12 (full 0):
 garbage-first heap   total 107520K, used 72043K [0x00000000c0000000, 0x0000000100000000)
  region size 1024K, 45 young (46080K), 7 survivors (7168K)
 Metaspace       used 40698K, committed 41152K, reserved 1114112K
  class space    used 5324K, committed 5568K, reserved 1048576K
}
Event: 6.644 GC heap after
{Heap after GC invocations=13 (full 0):
 garbage-first heap   total 107520K, used 40637K [0x00000000c0000000, 0x0000000100000000)
  region size 1024K, 6 young (6144K), 6 survivors (6144K)
 Metaspace       used 40698K, committed 41152K, reserved 1114112K
  class space    used 5324K, committed 5568K, reserved 1048576K
}
Event: 6.697 GC heap before
{Heap before GC invocations=13 (full 0):
 garbage-first heap   total 107520K, used 75453K [0x00000000c0000000, 0x0000000100000000)
  region size 1024K, 41 young (41984K), 6 survivors (6144K)
 Metaspace       used 41167K, committed 41600K, reserved 1114112K
  class space    used 5381K, committed 5568K, reserved 1048576K
}
Event: 6.709 GC heap after
{Heap after GC invocations=14 (full 0):
 garbage-first heap   total 107520K, used 49471K [0x00000000c0000000, 0x0000000100000000)
  region size 1024K, 6 young (6144K), 6 survivors (6144K)
 Metaspace       used 41167K, committed 41600K, reserved 1114112K
  class space    used 5381K, committed 5568K, reserved 1048576K
}
Event: 6.788 GC heap before
{Heap before GC invocations=14 (full 0):
 garbage-first heap   total 107520K, used 79167K [0x00000000c0000000, 0x0000000100000000)
  region size 1024K, 35 young (35840K), 6 survivors (6144K)
 Metaspace       used 42092K, committed 42560K, reserved 1114112K
  class space    used 5486K, committed 5696K, reserved 1048576K
}

